i_wonder_what_this_is { global: [Circular],
  process: 
   process {
     title: 'node',
     version: 'v7.9.0',
     moduleLoadList: 
      [ 'Binding contextify',
        'Binding natives',
        'NativeModule events',
        'Binding config',
        'Binding icu',
        'NativeModule util',
        'Binding uv',
        'NativeModule buffer',
        'Binding buffer',
        'Binding util',
        'NativeModule internal/util',
        'NativeModule internal/buffer',
        'NativeModule timers',
        'Binding timer_wrap',
        'NativeModule internal/linkedlist',
        'NativeModule assert',
        'NativeModule internal/process',
        'NativeModule internal/process/warning',
        'NativeModule internal/process/next_tick',
        'NativeModule internal/process/promises',
        'NativeModule internal/process/stdio',
        'Binding constants',
        'NativeModule path',
        'NativeModule module',
        'NativeModule internal/module',
        'NativeModule vm',
        'NativeModule fs',
        'Binding fs',
        'NativeModule stream',
        'NativeModule internal/streams/legacy',
        'NativeModule _stream_readable',
        'NativeModule internal/streams/BufferList',
        'NativeModule _stream_writable',
        'NativeModule _stream_duplex',
        'NativeModule _stream_transform',
        'NativeModule _stream_passthrough',
        'Binding fs_event_wrap',
        'NativeModule internal/fs',
        'NativeModule internal/url',
        'NativeModule internal/querystring',
        'Binding url',
        'NativeModule querystring',
        'NativeModule os',
        'Binding os',
        'NativeModule console',
        'Binding tty_wrap',
        'NativeModule tty',
        'NativeModule net',
        'NativeModule internal/net',
        'Binding cares_wrap',
        'Binding tcp_wrap',
        'Binding pipe_wrap',
        'Binding stream_wrap',
        'Binding signal_wrap' ],
     versions: 
      { http_parser: '2.7.0',
        node: '7.9.0',
        v8: '5.5.372.43',
        uv: '1.11.0',
        zlib: '1.2.11',
        ares: '1.10.1-DEV',
        modules: '51',
        openssl: '1.0.2k',
        icu: '58.2',
        unicode: '9.0',
        cldr: '30.0.3',
        tz: '2016j' },
     arch: 'x64',
     platform: 'linux',
     release: 
      { name: 'node',
        sourceUrl: 'https://nodejs.org/download/release/v7.9.0/node-v7.9.0.tar.gz',
        headersUrl: 'https://nodejs.org/download/release/v7.9.0/node-v7.9.0-headers.tar.gz' },
     argv: [ '/usr/local/bin/node', '/opt/work/this-function.js' ],
     execArgv: [],
     env: 
      { PATH: '/usr/local/sbin:/usr/local/bin:/usr/sbin:/usr/bin:/sbin:/bin',
        HOSTNAME: 'd1bf11a7bf08',
        TERM: 'xterm',
        no_proxy: '*.local, 169.254/16',
        NPM_CONFIG_LOGLEVEL: 'info',
        NODE_VERSION: '7.9.0',
        YARN_VERSION: '0.23.2',
        HOME: '/root' },
     pid: 1,
     features: 
      { debug: false,
        uv: true,
        ipv6: true,
        tls_npn: true,
        tls_alpn: true,
        tls_sni: true,
        tls_ocsp: true,
        tls: true },
     _needImmediateCallback: false,
     execPath: '/usr/local/bin/node',
     debugPort: 5858,
     _startProfilerIdleNotifier: [Function: _startProfilerIdleNotifier],
     _stopProfilerIdleNotifier: [Function: _stopProfilerIdleNotifier],
     _getActiveRequests: [Function: _getActiveRequests],
     _getActiveHandles: [Function: _getActiveHandles],
     reallyExit: [Function: reallyExit],
     abort: [Function: abort],
     chdir: [Function: chdir],
     cwd: [Function: cwd],
     umask: [Function: umask],
     getuid: [Function: getuid],
     geteuid: [Function: geteuid],
     setuid: [Function: setuid],
     seteuid: [Function: seteuid],
     setgid: [Function: setgid],
     setegid: [Function: setegid],
     getgid: [Function: getgid],
     getegid: [Function: getegid],
     getgroups: [Function: getgroups],
     setgroups: [Function: setgroups],
     initgroups: [Function: initgroups],
     _kill: [Function: _kill],
     _debugProcess: [Function: _debugProcess],
     _debugPause: [Function: _debugPause],
     _debugEnd: [Function: _debugEnd],
     hrtime: [Function: hrtime],
     cpuUsage: [Function: cpuUsage],
     dlopen: [Function: dlopen],
     uptime: [Function: uptime],
     memoryUsage: [Function: memoryUsage],
     binding: [Function: binding],
     _linkedBinding: [Function: _linkedBinding],
     _setupDomainUse: [Function: _setupDomainUse],
     _events: 
      { warning: [Function],
        newListener: [Function],
        removeListener: [Function],
        SIGWINCH: [Object] },
     _rawDebug: [Function],
     _eventsCount: 4,
     domain: null,
     _maxListeners: undefined,
     _fatalException: [Function],
     _exiting: false,
     assert: [Function],
     config: { target_defaults: [Object], variables: [Object] },
     emitWarning: [Function],
     nextTick: [Function: nextTick],
     _tickCallback: [Function: _tickCallback],
     _tickDomainCallback: [Function: _tickDomainCallback],
     stdout: [Getter],
     stderr: [Getter],
     stdin: [Getter],
     openStdin: [Function],
     exit: [Function],
     kill: [Function],
     argv0: 'node',
     mainModule: 
      Module {
        id: '.',
        exports: {},
        parent: null,
        filename: '/opt/work/this-function.js',
        loaded: false,
        children: [],
        paths: [Object] } },
  Buffer: 
   { [Function: Buffer]
     poolSize: 8192,
     from: [Function],
     alloc: [Function],
     allocUnsafe: [Function],
     allocUnsafeSlow: [Function],
     isBuffer: [Function: isBuffer],
     compare: [Function: compare],
     isEncoding: [Function],
     concat: [Function],
     byteLength: [Function: byteLength] },
  clearImmediate: [Function],
  clearInterval: [Function],
  clearTimeout: [Function],
  setImmediate: [Function],
  setInterval: [Function],
  setTimeout: [Function],
  console: [Getter] }
